<?xml version="1.0" encoding="UTF-8"?>
<!-- Generated by org.testng.reporters.JUnitReportReporter -->
<testsuite hostname="DESKTOP-EU216N6" failures="0" tests="5" name="ShopizerAdmin.TestCase.InventoryManagement.CategoryTest.CategoryTest" time="202.930" errors="0" timestamp="2023-07-26T23:50:51 ICT" skipped="0">
  <testcase classname="ShopizerAdmin.TestCase.InventoryManagement.CategoryTest.CategoryTest" name="CategoryTest" time="73.581"/>
  <system-out/>
  <testcase classname="ShopizerAdmin.TestCase.InventoryManagement.CategoryTest.CategoryTest" name="SearchByName" time="20.045"/>
  <system-out/>
  <testcase classname="ShopizerAdmin.TestCase.InventoryManagement.CategoryTest.CategoryTest" name="AddCategorySameID" time="46.463"/>
  <system-out/>
  <testcase classname="ShopizerAdmin.TestCase.InventoryManagement.CategoryTest.CategoryTest" name="EditCategory" time="22.768"/>
  <system-out/>
  <testcase classname="ShopizerAdmin.TestCase.InventoryManagement.CategoryTest.CategoryTest" name="RemoveCategory" time="40.073"/>
  <system-out/>
</testsuite> <!-- ShopizerAdmin.TestCase.InventoryManagement.CategoryTest.CategoryTest -->
