<?xml version="1.0" encoding="UTF-8"?>
<!-- Generated by org.testng.reporters.JUnitReportReporter -->
<testsuite hostname="DESKTOP-EU216N6" failures="0" tests="4" name="ShopizerAdmin.TestCase.ShippingManagement.PackagingTest.PackagingTest" time="205.681" errors="0" timestamp="2023-07-26T23:50:51 ICT" skipped="0">
  <testcase classname="ShopizerAdmin.TestCase.ShippingManagement.PackagingTest.PackagingTest" name="AddBox" time="97.168"/>
  <system-out/>
  <testcase classname="ShopizerAdmin.TestCase.ShippingManagement.PackagingTest.PackagingTest" name="AddBoxSameCode" time="49.377"/>
  <system-out/>
  <testcase classname="ShopizerAdmin.TestCase.ShippingManagement.PackagingTest.PackagingTest" name="EditBox" time="21.078"/>
  <system-out/>
  <testcase classname="ShopizerAdmin.TestCase.ShippingManagement.PackagingTest.PackagingTest" name="RemoveBox" time="38.058"/>
  <system-out/>
</testsuite> <!-- ShopizerAdmin.TestCase.ShippingManagement.PackagingTest.PackagingTest -->
