<?xml version="1.0" encoding="UTF-8"?>
<!-- Generated by org.testng.reporters.JUnitReportReporter -->
<testsuite hostname="DESKTOP-EU216N6" failures="0" tests="2" name="ShopizerUser.TestCase.ProductInforTest.ProductInforTest" time="47.382" errors="0" timestamp="2023-07-27T15:19:22 ICT" skipped="0">
  <testcase classname="ShopizerUser.TestCase.ProductInforTest.ProductInforTest" name="ProductInfor" time="19.448"/>
  <system-out/>
  <testcase classname="ShopizerUser.TestCase.ProductInforTest.ProductInforTest" name="AddReview" time="27.934"/>
  <system-out/>
</testsuite> <!-- ShopizerUser.TestCase.ProductInforTest.ProductInforTest -->
