<?xml version="1.0" encoding="UTF-8"?>
<!-- Generated by org.testng.reporters.JUnitReportReporter -->
<testsuite hostname="DESKTOP-EU216N6" failures="0" tests="4" name="ShopizerAdmin.TestCase.TaxManagement.ClassTest.ClassTest" time="109.477" errors="0" timestamp="2023-07-26T23:50:51 ICT" skipped="0">
  <testcase classname="ShopizerAdmin.TestCase.TaxManagement.ClassTest.ClassTest" name="AddClass" time="53.066"/>
  <system-out/>
  <testcase classname="ShopizerAdmin.TestCase.TaxManagement.ClassTest.ClassTest" name="AddClassSameCode" time="20.031"/>
  <system-out/>
  <testcase classname="ShopizerAdmin.TestCase.TaxManagement.ClassTest.ClassTest" name="EditClass" time="19.034"/>
  <system-out/>
  <testcase classname="ShopizerAdmin.TestCase.TaxManagement.ClassTest.ClassTest" name="RemoveClass" time="17.346"/>
  <system-out/>
</testsuite> <!-- ShopizerAdmin.TestCase.TaxManagement.ClassTest.ClassTest -->
