<?xml version="1.0" encoding="UTF-8"?>
<!-- Generated by org.testng.reporters.JUnitReportReporter -->
<testsuite hostname="DESKTOP-EU216N6" failures="0" tests="3" name="ShopizerAdmin.TestCase.ContentManagement.BoxesTest.BoxesTest" time="91.104" errors="0" timestamp="2023-07-27T15:19:22 ICT" skipped="0">
  <testcase classname="ShopizerAdmin.TestCase.ContentManagement.BoxesTest.BoxesTest" name="AddBox" time="25.734"/>
  <system-out/>
  <testcase classname="ShopizerAdmin.TestCase.ContentManagement.BoxesTest.BoxesTest" name="EditBox" time="23.300"/>
  <system-out/>
  <testcase classname="ShopizerAdmin.TestCase.ContentManagement.BoxesTest.BoxesTest" name="RemoveBox" time="42.070"/>
  <system-out/>
</testsuite> <!-- ShopizerAdmin.TestCase.ContentManagement.BoxesTest.BoxesTest -->
