<?xml version="1.0" encoding="UTF-8"?>
<!-- Generated by org.testng.reporters.JUnitReportReporter -->
<testsuite hostname="DESKTOP-EU216N6" failures="0" tests="4" name="ShopizerUser.TestCase.Register.RegisterTest" time="155.337" errors="0" timestamp="2023-07-27T15:19:22 ICT" skipped="0">
  <testcase classname="ShopizerUser.TestCase.Register.RegisterTest" name="RegisterWithInvalidEmail" time="14.309"/>
  <system-out/>
  <testcase classname="ShopizerUser.TestCase.Register.RegisterTest" name="RegisterWithWrongPassword" time="16.473"/>
  <system-out/>
  <testcase classname="ShopizerUser.TestCase.Register.RegisterTest" name="RegisterTest" time="101.865"/>
  <system-out/>
  <testcase classname="ShopizerUser.TestCase.Register.RegisterTest" name="RegisterWithSameEmail" time="22.690"/>
  <system-out/>
</testsuite> <!-- ShopizerUser.TestCase.Register.RegisterTest -->
