<?xml version="1.0" encoding="UTF-8"?>
<!-- Generated by org.testng.reporters.JUnitReportReporter -->
<testsuite hostname="DESKTOP-EU216N6" failures="0" tests="3" name="ShopizerUser.TestCase.Login.LoginTest" time="39.321" errors="0" timestamp="2023-07-26T23:50:51 ICT" skipped="0">
  <testcase classname="ShopizerUser.TestCase.Login.LoginTest" name="LoginWithInvalidEmail" time="12.273"/>
  <system-out/>
  <testcase classname="ShopizerUser.TestCase.Login.LoginTest" name="LoginWithWrongPassword" time="13.420"/>
  <system-out/>
  <testcase classname="ShopizerUser.TestCase.Login.LoginTest" name="LoginTest" time="13.628"/>
  <system-out/>
</testsuite> <!-- ShopizerUser.TestCase.Login.LoginTest -->
