<?xml version="1.0" encoding="UTF-8"?>
<!-- Generated by org.testng.reporters.JUnitReportReporter -->
<testsuite hostname="DESKTOP-EU216N6" failures="0" tests="4" name="ShopizerUser.TestCase.Register.RegisterTest" time="136.890" errors="0" timestamp="2023-07-26T23:50:51 ICT" skipped="0">
  <testcase classname="ShopizerUser.TestCase.Register.RegisterTest" name="RegisterWithInvalidEmail" time="12.812"/>
  <system-out/>
  <testcase classname="ShopizerUser.TestCase.Register.RegisterTest" name="RegisterWithWrongPassword" time="14.658"/>
  <system-out/>
  <testcase classname="ShopizerUser.TestCase.Register.RegisterTest" name="RegisterTest" time="89.479"/>
  <system-out/>
  <testcase classname="ShopizerUser.TestCase.Register.RegisterTest" name="RegisterWithSameEmail" time="19.941"/>
  <system-out/>
</testsuite> <!-- ShopizerUser.TestCase.Register.RegisterTest -->
