<?xml version="1.0" encoding="UTF-8"?>
<!-- Generated by org.testng.reporters.JUnitReportReporter -->
<testsuite hostname="DESKTOP-EU216N6" failures="0" tests="3" name="ShopizerAdmin.TestCase.Login.LoginTest" time="58.659" errors="0" timestamp="2023-07-26T23:50:51 ICT" skipped="0">
  <testcase classname="ShopizerAdmin.TestCase.Login.LoginTest" name="LoginWithInvalidEmail" time="33.944"/>
  <system-out/>
  <testcase classname="ShopizerAdmin.TestCase.Login.LoginTest" name="LoginWithWrongPassword" time="11.645"/>
  <system-out/>
  <testcase classname="ShopizerAdmin.TestCase.Login.LoginTest" name="LoginTest" time="13.070"/>
  <system-out/>
</testsuite> <!-- ShopizerAdmin.TestCase.Login.LoginTest -->
