<?xml version="1.0" encoding="UTF-8"?>
<!-- Generated by org.testng.reporters.JUnitReportReporter -->
<testsuite hostname="DESKTOP-EU216N6" failures="0" tests="1" name="ShopizerUser.TestCase.AccountTest.AccountTest" time="120.455" errors="0" timestamp="2023-07-26T23:50:51 ICT" skipped="0">
  <testcase classname="ShopizerUser.TestCase.AccountTest.AccountTest" name="UpdateBillingAddress" time="120.455"/>
  <system-out/>
</testsuite> <!-- ShopizerUser.TestCase.AccountTest.AccountTest -->
