<?xml version="1.0" encoding="UTF-8"?>
<!-- Generated by org.testng.reporters.JUnitReportReporter -->
<testsuite hostname="DESKTOP-EU216N6" failures="0" tests="5" name="ShopizerAdmin.TestCase.StoreManagement.StoreManagementTest" time="130.694" errors="0" timestamp="2023-07-26T23:50:51 ICT" skipped="0">
  <testcase classname="ShopizerAdmin.TestCase.StoreManagement.StoreManagementTest" name="StoreTest" time="33.263"/>
  <system-out/>
  <testcase classname="ShopizerAdmin.TestCase.StoreManagement.StoreManagementTest" name="SearchByName" time="19.416"/>
  <system-out/>
  <testcase classname="ShopizerAdmin.TestCase.StoreManagement.StoreManagementTest" name="SearchByEmail" time="19.250"/>
  <system-out/>
  <testcase classname="ShopizerAdmin.TestCase.StoreManagement.StoreManagementTest" name="EditStore" time="19.301"/>
  <system-out/>
  <testcase classname="ShopizerAdmin.TestCase.StoreManagement.StoreManagementTest" name="RemoveStore" time="39.464"/>
  <system-out/>
</testsuite> <!-- ShopizerAdmin.TestCase.StoreManagement.StoreManagementTest -->
