<?xml version="1.0" encoding="UTF-8"?>
<!-- Generated by org.testng.reporters.JUnitReportReporter -->
<testsuite hostname="DESKTOP-EU216N6" failures="0" tests="1" name="ShopizerAdmin.TestCase.ShippingManagement.ShippingOriginTest.ShippingOriginTest" time="37.621" errors="0" timestamp="2023-07-27T15:19:22 ICT" skipped="0">
  <testcase classname="ShopizerAdmin.TestCase.ShippingManagement.ShippingOriginTest.ShippingOriginTest" name="AddShippingOrigin" time="37.621"/>
  <system-out/>
</testsuite> <!-- ShopizerAdmin.TestCase.ShippingManagement.ShippingOriginTest.ShippingOriginTest -->
