<?xml version="1.0" encoding="UTF-8"?>
<!-- Generated by org.testng.reporters.JUnitReportReporter -->
<testsuite hostname="DESKTOP-EU216N6" failures="0" tests="5" name="ShopizerAdmin.TestCase.InventoryManagement.CategoryTest.CategoryTest" time="219.740" errors="0" timestamp="2023-07-27T15:19:22 ICT" skipped="0">
  <testcase classname="ShopizerAdmin.TestCase.InventoryManagement.CategoryTest.CategoryTest" name="CategoryTest" time="80.070"/>
  <system-out/>
  <testcase classname="ShopizerAdmin.TestCase.InventoryManagement.CategoryTest.CategoryTest" name="SearchByName" time="22.676"/>
  <system-out/>
  <testcase classname="ShopizerAdmin.TestCase.InventoryManagement.CategoryTest.CategoryTest" name="AddCategorySameID" time="49.692"/>
  <system-out/>
  <testcase classname="ShopizerAdmin.TestCase.InventoryManagement.CategoryTest.CategoryTest" name="EditCategory" time="25.072"/>
  <system-out/>
  <testcase classname="ShopizerAdmin.TestCase.InventoryManagement.CategoryTest.CategoryTest" name="RemoveCategory" time="42.230"/>
  <system-out/>
</testsuite> <!-- ShopizerAdmin.TestCase.InventoryManagement.CategoryTest.CategoryTest -->
