<?xml version="1.0" encoding="UTF-8"?>
<!-- Generated by org.testng.reporters.JUnitReportReporter -->
<testsuite hostname="DESKTOP-EU216N6" failures="0" tests="3" name="ShopizerAdmin.TestCase.ContentManagement.PagesTest.PagesTest" time="99.753" errors="0" timestamp="2023-07-27T15:19:22 ICT" skipped="0">
  <testcase classname="ShopizerAdmin.TestCase.ContentManagement.PagesTest.PagesTest" name="AddPage" time="36.115"/>
  <system-out/>
  <testcase classname="ShopizerAdmin.TestCase.ContentManagement.PagesTest.PagesTest" name="EditPage" time="22.142"/>
  <system-out/>
  <testcase classname="ShopizerAdmin.TestCase.ContentManagement.PagesTest.PagesTest" name="RemovePage" time="41.496"/>
  <system-out/>
</testsuite> <!-- ShopizerAdmin.TestCase.ContentManagement.PagesTest.PagesTest -->
