<?xml version="1.0" encoding="UTF-8"?>
<!-- Generated by org.testng.reporters.JUnitReportReporter -->
<testsuite hostname="DESKTOP-EU216N6" failures="0" tests="4" name="ShopizerAdmin.TestCase.ShippingManagement.PackagingTest.PackagingTest" time="222.947" errors="0" timestamp="2023-07-27T15:19:22 ICT" skipped="0">
  <testcase classname="ShopizerAdmin.TestCase.ShippingManagement.PackagingTest.PackagingTest" name="AddBox" time="104.671"/>
  <system-out/>
  <testcase classname="ShopizerAdmin.TestCase.ShippingManagement.PackagingTest.PackagingTest" name="AddBoxSameCode" time="52.524"/>
  <system-out/>
  <testcase classname="ShopizerAdmin.TestCase.ShippingManagement.PackagingTest.PackagingTest" name="EditBox" time="24.651"/>
  <system-out/>
  <testcase classname="ShopizerAdmin.TestCase.ShippingManagement.PackagingTest.PackagingTest" name="RemoveBox" time="41.101"/>
  <system-out/>
</testsuite> <!-- ShopizerAdmin.TestCase.ShippingManagement.PackagingTest.PackagingTest -->
