<?xml version="1.0" encoding="UTF-8"?>
<!-- Generated by org.testng.reporters.JUnitReportReporter -->
<testsuite hostname="DESKTOP-EU216N6" failures="0" tests="3" name="ShopizerAdmin.TestCase.ContentManagement.BoxesTest.BoxesTest" time="81.689" errors="0" timestamp="2023-07-26T23:50:51 ICT" skipped="0">
  <testcase classname="ShopizerAdmin.TestCase.ContentManagement.BoxesTest.BoxesTest" name="AddBox" time="22.436"/>
  <system-out/>
  <testcase classname="ShopizerAdmin.TestCase.ContentManagement.BoxesTest.BoxesTest" name="EditBox" time="20.299"/>
  <system-out/>
  <testcase classname="ShopizerAdmin.TestCase.ContentManagement.BoxesTest.BoxesTest" name="RemoveBox" time="38.954"/>
  <system-out/>
</testsuite> <!-- ShopizerAdmin.TestCase.ContentManagement.BoxesTest.BoxesTest -->
