<?xml version="1.0" encoding="UTF-8"?>
<!-- Generated by org.testng.reporters.JUnitReportReporter -->
<testsuite hostname="DESKTOP-EU216N6" failures="0" tests="5" name="ShopizerAdmin.TestCase.StoreManagement.StoreManagementTest" time="145.788" errors="0" timestamp="2023-07-27T15:19:22 ICT" skipped="0">
  <testcase classname="ShopizerAdmin.TestCase.StoreManagement.StoreManagementTest" name="StoreTest" time="37.372"/>
  <system-out/>
  <testcase classname="ShopizerAdmin.TestCase.StoreManagement.StoreManagementTest" name="SearchByName" time="22.644"/>
  <system-out/>
  <testcase classname="ShopizerAdmin.TestCase.StoreManagement.StoreManagementTest" name="SearchByEmail" time="21.683"/>
  <system-out/>
  <testcase classname="ShopizerAdmin.TestCase.StoreManagement.StoreManagementTest" name="EditStore" time="22.344"/>
  <system-out/>
  <testcase classname="ShopizerAdmin.TestCase.StoreManagement.StoreManagementTest" name="RemoveStore" time="41.745"/>
  <system-out/>
</testsuite> <!-- ShopizerAdmin.TestCase.StoreManagement.StoreManagementTest -->
