<?xml version="1.0" encoding="UTF-8"?>
<!-- Generated by org.testng.reporters.JUnitReportReporter -->
<testsuite hostname="DESKTOP-EU216N6" failures="0" tests="3" name="ShopizerAdmin.TestCase.Login.LoginTest" time="64.618" errors="0" timestamp="2023-07-27T15:19:22 ICT" skipped="0">
  <testcase classname="ShopizerAdmin.TestCase.Login.LoginTest" name="LoginWithInvalidEmail" time="33.882"/>
  <system-out/>
  <testcase classname="ShopizerAdmin.TestCase.Login.LoginTest" name="LoginWithWrongPassword" time="15.266"/>
  <system-out/>
  <testcase classname="ShopizerAdmin.TestCase.Login.LoginTest" name="LoginTest" time="15.470"/>
  <system-out/>
</testsuite> <!-- ShopizerAdmin.TestCase.Login.LoginTest -->
