<?xml version="1.0" encoding="UTF-8"?>
<!-- Generated by org.testng.reporters.JUnitReportReporter -->
<testsuite hostname="DESKTOP-EU216N6" failures="0" tests="4" name="ShopizerAdmin.TestCase.TaxManagement.ClassTest.ClassTest" time="123.549" errors="0" timestamp="2023-07-27T15:19:22 ICT" skipped="0">
  <testcase classname="ShopizerAdmin.TestCase.TaxManagement.ClassTest.ClassTest" name="AddClass" time="57.980"/>
  <system-out/>
  <testcase classname="ShopizerAdmin.TestCase.TaxManagement.ClassTest.ClassTest" name="AddClassSameCode" time="23.383"/>
  <system-out/>
  <testcase classname="ShopizerAdmin.TestCase.TaxManagement.ClassTest.ClassTest" name="EditClass" time="21.775"/>
  <system-out/>
  <testcase classname="ShopizerAdmin.TestCase.TaxManagement.ClassTest.ClassTest" name="RemoveClass" time="20.411"/>
  <system-out/>
</testsuite> <!-- ShopizerAdmin.TestCase.TaxManagement.ClassTest.ClassTest -->
