<?xml version="1.0" encoding="UTF-8"?>
<!-- Generated by org.testng.reporters.JUnitReportReporter -->
<testsuite hostname="DESKTOP-EU216N6" failures="0" tests="3" name="ShopizerAdmin.TestCase.ContentManagement.PagesTest.PagesTest" time="90.277" errors="0" timestamp="2023-07-26T23:50:51 ICT" skipped="0">
  <testcase classname="ShopizerAdmin.TestCase.ContentManagement.PagesTest.PagesTest" name="AddPage" time="32.093"/>
  <system-out/>
  <testcase classname="ShopizerAdmin.TestCase.ContentManagement.PagesTest.PagesTest" name="EditPage" time="19.349"/>
  <system-out/>
  <testcase classname="ShopizerAdmin.TestCase.ContentManagement.PagesTest.PagesTest" name="RemovePage" time="38.835"/>
  <system-out/>
</testsuite> <!-- ShopizerAdmin.TestCase.ContentManagement.PagesTest.PagesTest -->
