<?xml version="1.0" encoding="UTF-8"?>
<!-- Generated by org.testng.reporters.JUnitReportReporter -->
<testsuite hostname="DESKTOP-EU216N6" failures="0" tests="1" name="ShopizerUser.TestCase.AccountTest.AccountTest" time="136.599" errors="0" timestamp="2023-07-27T15:19:22 ICT" skipped="0">
  <testcase classname="ShopizerUser.TestCase.AccountTest.AccountTest" name="UpdateBillingAddress" time="136.599"/>
  <system-out/>
</testsuite> <!-- ShopizerUser.TestCase.AccountTest.AccountTest -->
