<?xml version="1.0" encoding="UTF-8"?>
<!-- Generated by org.testng.reporters.JUnitReportReporter -->
<testsuite hostname="DESKTOP-EU216N6" failures="0" tests="3" name="ShopizerUser.TestCase.Login.LoginTest" time="46.777" errors="0" timestamp="2023-07-27T15:19:22 ICT" skipped="0">
  <testcase classname="ShopizerUser.TestCase.Login.LoginTest" name="LoginWithInvalidEmail" time="14.074"/>
  <system-out/>
  <testcase classname="ShopizerUser.TestCase.Login.LoginTest" name="LoginWithWrongPassword" time="15.548"/>
  <system-out/>
  <testcase classname="ShopizerUser.TestCase.Login.LoginTest" name="LoginTest" time="17.155"/>
  <system-out/>
</testsuite> <!-- ShopizerUser.TestCase.Login.LoginTest -->
